This file contains any messages produced by compilers while
running configure, to aid debugging if configure makes a mistake.

It was created by nettle configure 3.8, which was
generated by GNU Autoconf 2.69.  Invocation command line was

  $ ./configure --host armv7a-linux-android19 CC=/home/oldosfan/android-sdk/android-ndk-r25b/toolchains/llvm/prebuilt/linux-x86_64/bin/armv7a-linux-android19-clang

## --------- ##
## Platform. ##
## --------- ##

hostname = po-lus-librem-15
uname -m = x86_64
uname -r = 6.0.8-300.fc37.x86_64
uname -s = Linux
uname -v = #1 SMP PREEMPT_DYNAMIC Fri Nov 11 15:09:04 UTC 2022

/usr/bin/uname -p = x86_64
/bin/uname -X     = unknown

/bin/arch              = x86_64
/usr/bin/arch -k       = unknown
/usr/convex/getsysinfo = unknown
/usr/bin/hostinfo      = unknown
/bin/machine           = unknown
/usr/bin/oslevel       = unknown
/bin/universe          = unknown

PATH: /home/oldosfan/.emacs.d/term-cmd
PATH: /home/oldosfan/.sdkman/candidates/scala/current/bin
PATH: /home/oldosfan/.sdkman/candidates/sbt/current/bin
PATH: /home/oldosfan/.local/bin
PATH: /home/oldosfan/bin
PATH: /usr/lib64/qt-3.3/bin
PATH: /usr/share/Modules/bin
PATH: /usr/lib64/ccache
PATH: /usr/local/bin
PATH: /usr/bin
PATH: /bin
PATH: /usr/local/sbin
PATH: /usr/sbin
PATH: /home/oldosfan/.dotnet/tools
PATH: /usr/local/bin
PATH: /opt/oldosfan/bin


## ----------- ##
## Core tests. ##
## ----------- ##

configure:2588: checking build system type
configure:2602: result: x86_64-pc-linux-gnu
configure:2622: checking host system type
configure:2635: result: armv7a-unknown-linux-android19
configure:2845: checking for -R flag
configure:2867: result: using -Wl,-rpath,
configure:2874: result: Searching for libraries
configure:2881: checking /usr/local/lib/lib
configure:2908: result: not found
configure:2881: checking /usr/local/lib
configure:2899: result: added
configure:2881: checking /sw/local/lib
configure:2908: result: not found
configure:2881: checking /sw/lib
configure:2908: result: not found
configure:2881: checking /usr/gnu/lib
configure:2908: result: not found
configure:2881: checking /opt/gnu/lib
configure:2908: result: not found
configure:2881: checking /sw/gnu/lib
configure:2908: result: not found
configure:2881: checking /usr/freeware/lib
configure:2908: result: not found
configure:2881: checking /usr/pkg/lib
configure:2908: result: not found
configure:2924: checking for armv7a-linux-android19-gcc
configure:2951: result: /home/oldosfan/android-sdk/android-ndk-r25b/toolchains/llvm/prebuilt/linux-x86_64/bin/armv7a-linux-android19-clang
configure:3220: checking for C compiler version
configure:3229: /home/oldosfan/android-sdk/android-ndk-r25b/toolchains/llvm/prebuilt/linux-x86_64/bin/armv7a-linux-android19-clang --version >&5
./configure: line 3231: /home/oldosfan/android-sdk/android-ndk-r25b/toolchains/llvm/prebuilt/linux-x86_64/bin/armv7a-linux-android19-clang: No such file or directory
configure:3240: $? = 127
configure:3229: /home/oldosfan/android-sdk/android-ndk-r25b/toolchains/llvm/prebuilt/linux-x86_64/bin/armv7a-linux-android19-clang -v >&5
./configure: line 3231: /home/oldosfan/android-sdk/android-ndk-r25b/toolchains/llvm/prebuilt/linux-x86_64/bin/armv7a-linux-android19-clang: No such file or directory
configure:3240: $? = 127
configure:3229: /home/oldosfan/android-sdk/android-ndk-r25b/toolchains/llvm/prebuilt/linux-x86_64/bin/armv7a-linux-android19-clang -V >&5
./configure: line 3231: /home/oldosfan/android-sdk/android-ndk-r25b/toolchains/llvm/prebuilt/linux-x86_64/bin/armv7a-linux-android19-clang: No such file or directory
configure:3240: $? = 127
configure:3229: /home/oldosfan/android-sdk/android-ndk-r25b/toolchains/llvm/prebuilt/linux-x86_64/bin/armv7a-linux-android19-clang -qversion >&5
./configure: line 3231: /home/oldosfan/android-sdk/android-ndk-r25b/toolchains/llvm/prebuilt/linux-x86_64/bin/armv7a-linux-android19-clang: No such file or directory
configure:3240: $? = 127
configure:3260: checking whether the C compiler works
configure:3282: /home/oldosfan/android-sdk/android-ndk-r25b/toolchains/llvm/prebuilt/linux-x86_64/bin/armv7a-linux-android19-clang    conftest.c  >&5
./configure: line 3284: /home/oldosfan/android-sdk/android-ndk-r25b/toolchains/llvm/prebuilt/linux-x86_64/bin/armv7a-linux-android19-clang: No such file or directory
configure:3286: $? = 127
configure:3324: result: no
configure: failed program was:
| /* confdefs.h */
| #define PACKAGE_NAME "nettle"
| #define PACKAGE_TARNAME "nettle"
| #define PACKAGE_VERSION "3.8"
| #define PACKAGE_STRING "nettle 3.8"
| #define PACKAGE_BUGREPORT "nettle-bugs@lists.lysator.liu.se"
| #define PACKAGE_URL ""
| /* end confdefs.h.  */
| 
| int
| main ()
| {
| 
|   ;
|   return 0;
| }
configure:3329: error: in `/home/oldosfan/emacs-android-stuff/nettle-3.8':
configure:3331: error: C compiler cannot create executables
See `config.log' for more details

## ---------------- ##
## Cache variables. ##
## ---------------- ##

ac_cv_build=x86_64-pc-linux-gnu
ac_cv_env_CCC_set=
ac_cv_env_CCC_value=
ac_cv_env_CC_FOR_BUILD_set=
ac_cv_env_CC_FOR_BUILD_value=
ac_cv_env_CC_set=set
ac_cv_env_CC_value=/home/oldosfan/android-sdk/android-ndk-r25b/toolchains/llvm/prebuilt/linux-x86_64/bin/armv7a-linux-android19-clang
ac_cv_env_CFLAGS_set=
ac_cv_env_CFLAGS_value=
ac_cv_env_CPPFLAGS_set=
ac_cv_env_CPPFLAGS_value=
ac_cv_env_CPP_set=
ac_cv_env_CPP_value=
ac_cv_env_CXXFLAGS_set=
ac_cv_env_CXXFLAGS_value=
ac_cv_env_CXX_set=
ac_cv_env_CXX_value=
ac_cv_env_LDFLAGS_set=
ac_cv_env_LDFLAGS_value=
ac_cv_env_LIBS_set=
ac_cv_env_LIBS_value=
ac_cv_env_build_alias_set=
ac_cv_env_build_alias_value=
ac_cv_env_host_alias_set=set
ac_cv_env_host_alias_value=armv7a-linux-android19
ac_cv_env_target_alias_set=
ac_cv_env_target_alias_value=
ac_cv_host=armv7a-unknown-linux-android19
ac_cv_prog_CC=/home/oldosfan/android-sdk/android-ndk-r25b/toolchains/llvm/prebuilt/linux-x86_64/bin/armv7a-linux-android19-clang

## ----------------- ##
## Output variables. ##
## ----------------- ##

ALLOCA=''
AR=''
ASM_ALIGN_LOG=''
ASM_COFF_STYLE=''
ASM_ELF_STYLE=''
ASM_MARK_NOEXEC_STACK=''
ASM_PPC_WANT_R_REGISTERS=''
ASM_RODATA=''
ASM_SYMBOL_PREFIX=''
ASM_TYPE_FUNCTION=''
ASM_TYPE_PROGBITS=''
ASM_WORDS_BIGENDIAN=''
ASM_X86_ENDBR=''
ASM_X86_MARK_CET=''
ASM_X86_MARK_CET_ALIGN=''
BENCH_LIBS=''
CC='/home/oldosfan/android-sdk/android-ndk-r25b/toolchains/llvm/prebuilt/linux-x86_64/bin/armv7a-linux-android19-clang'
CCPIC=''
CC_FOR_BUILD=''
CFLAGS=''
CPP=''
CPPFLAGS=''
CXX=''
CXXFLAGS=''
DEFS=''
DEP_FLAGS=''
DEP_PROCESS=''
ECHO_C=''
ECHO_N='-n'
ECHO_T=''
EGREP=''
ELFV2_ABI=''
EMULATOR=''
EXEEXT=''
EXEEXT_FOR_BUILD=''
EXTRA_HOGWEED_LINKER_FLAGS=''
EXTRA_LINKER_FLAGS=''
FAT_TEST_LIST=''
GMP_NUMB_BITS=''
GREP=''
HOGWEED_EXTRA_SYMBOLS=''
IF_ASM=''
IF_CXX=''
IF_DLL=''
IF_DLOPEN_TEST=''
IF_DOCUMENTATION=''
IF_HOGWEED=''
IF_MINI_GMP=''
IF_NOT_SHARED=''
IF_SHARED=''
IF_STATIC=''
INSTALL_DATA=''
INSTALL_PROGRAM=''
INSTALL_SCRIPT=''
LDFLAGS=''
LIBHOGWEED_FILE=''
LIBHOGWEED_FILE_SRC=''
LIBHOGWEED_FORLINK=''
LIBHOGWEED_LIBS=''
LIBHOGWEED_LINK=''
LIBHOGWEED_MAJOR='6'
LIBHOGWEED_MINOR='5'
LIBHOGWEED_SONAME=''
LIBNETTLE_FILE=''
LIBNETTLE_FILE_SRC=''
LIBNETTLE_FORLINK=''
LIBNETTLE_LIBS=''
LIBNETTLE_LINK=''
LIBNETTLE_MAJOR='8'
LIBNETTLE_MINOR='5'
LIBNETTLE_SONAME=''
LIBOBJS=''
LIBS=''
LN_S=''
LTLIBOBJS=''
M4=''
MAJOR_VERSION='3'
MAKEINFO=''
MINOR_VERSION='8'
MKDIR_P=''
NETTLE_USE_MINI_GMP='0'
NM=''
NUMB_BITS=''
OBJDUMP=''
OBJEXT=''
OPENSSL_LIBFLAGS=''
OPT_HOGWEED_OBJS=''
OPT_NETTLE_OBJS=''
OPT_NETTLE_SOURCES=''
PACKAGE_BUGREPORT='nettle-bugs@lists.lysator.liu.se'
PACKAGE_NAME='nettle'
PACKAGE_STRING='nettle 3.8'
PACKAGE_TARNAME='nettle'
PACKAGE_URL=''
PACKAGE_VERSION='3.8'
PATH_SEPARATOR=':'
RANLIB=''
SET_MAKE=''
SHELL='/bin/sh'
W64_ABI=''
ac_ct_CC=''
ac_ct_CXX=''
bindir='${exec_prefix}/bin'
build='x86_64-pc-linux-gnu'
build_alias=''
build_cpu='x86_64'
build_os='linux-gnu'
build_vendor='pc'
datadir='${datarootdir}'
datarootdir='${prefix}/share'
docdir='${datarootdir}/doc/${PACKAGE_TARNAME}'
dvidir='${docdir}'
exec_prefix='NONE'
host='armv7a-unknown-linux-android19'
host_alias='armv7a-linux-android19'
host_cpu='armv7a'
host_os='linux-android19'
host_vendor='unknown'
htmldir='${docdir}'
includedir='${prefix}/include'
infodir='${datarootdir}/info'
libdir='${exec_prefix}/lib'
libexecdir='${exec_prefix}/libexec'
localedir='${datarootdir}/locale'
localstatedir='${prefix}/var'
mandir='${datarootdir}/man'
oldincludedir='/usr/include'
pdfdir='${docdir}'
prefix='NONE'
program_transform_name='s,x,x,'
psdir='${docdir}'
runstatedir='${localstatedir}/run'
sbindir='${exec_prefix}/sbin'
sharedstatedir='${prefix}/com'
sysconfdir='${prefix}/etc'
target_alias=''

## ----------- ##
## confdefs.h. ##
## ----------- ##

/* confdefs.h */
#define PACKAGE_NAME "nettle"
#define PACKAGE_TARNAME "nettle"
#define PACKAGE_VERSION "3.8"
#define PACKAGE_STRING "nettle 3.8"
#define PACKAGE_BUGREPORT "nettle-bugs@lists.lysator.liu.se"
#define PACKAGE_URL ""

configure: exit 77
